proguard/seeds.txt
com.brucelet.spacetrader.AboutDialog
com.brucelet.spacetrader.AboutDialog: com.brucelet.spacetrader.AboutDialog newInstance()
com.brucelet.spacetrader.AboutDialog: AboutDialog()
com.brucelet.spacetrader.AboutDialog: void onBuildDialog(com.brucelet.spacetrader.BaseDialog$Builder,android.view.LayoutInflater,android.view.ViewGroup)
com.brucelet.spacetrader.AboutDialog: void onRefreshDialog()
com.brucelet.spacetrader.AboutDialog: int getHelpTextResId()
com.brucelet.spacetrader.BackupAgent
com.brucelet.spacetrader.BackupAgent: java.lang.String sTag
com.brucelet.spacetrader.BackupAgent: BackupAgent()
com.brucelet.spacetrader.BackupAgent: void onCreate()
com.brucelet.spacetrader.BackupAgent: void onBackup(android.os.ParcelFileDescriptor,android.app.backup.BackupDataOutput,android.os.ParcelFileDescriptor)
com.brucelet.spacetrader.BackupAgent: void onRestore(android.app.backup.BackupDataInput,int,android.os.ParcelFileDescriptor)
com.brucelet.spacetrader.BankScreen
com.brucelet.spacetrader.BankScreen: int[] BUTTON_IDS
com.brucelet.spacetrader.BankScreen: void <clinit>()
com.brucelet.spacetrader.BankScreen: com.brucelet.spacetrader.BankScreen newInstance()
com.brucelet.spacetrader.BankScreen: BankScreen()
com.brucelet.spacetrader.BankScreen: android.view.View onCreateView(android.view.LayoutInflater,android.view.ViewGroup,android.os.Bundle)
com.brucelet.spacetrader.BankScreen: void onActivityCreated(android.os.Bundle)
com.brucelet.spacetrader.BankScreen: void onRefreshScreen()
com.brucelet.spacetrader.BankScreen: void onSingleClick(android.view.View)
com.brucelet.spacetrader.BankScreen: int getHelpTextResId()
com.brucelet.spacetrader.BankScreen: com.brucelet.spacetrader.enumtypes.ScreenType getType()
com.brucelet.spacetrader.BaseDialog
com.brucelet.spacetrader.BaseDialog: BaseDialog()
com.brucelet.spacetrader.BaseDialog: void onCreate(android.os.Bundle)
com.brucelet.spacetrader.BaseDialog: android.view.View onCreateView(android.view.LayoutInflater,android.view.ViewGroup,android.os.Bundle)
com.brucelet.spacetrader.BaseDialog: void onAttach(android.app.Activity)
com.brucelet.spacetrader.BaseDialog: void onDismiss(android.content.DialogInterface)
com.brucelet.spacetrader.BaseDialog: void onCancel(android.content.DialogInterface)
com.brucelet.spacetrader.BaseDialog: void onResume()
com.brucelet.spacetrader.BaseDialog: android.app.Dialog onCreateDialog(android.os.Bundle)
com.brucelet.spacetrader.BaseDialog: void setTitle(java.lang.CharSequence)
com.brucelet.spacetrader.BaseDialog: com.brucelet.spacetrader.MainActivity getGameManager()
com.brucelet.spacetrader.BaseDialog: com.brucelet.spacetrader.datatypes.GameState getGameState()
com.brucelet.spacetrader.BaseDialog: void setViewTextById(int,int)
com.brucelet.spacetrader.BaseDialog: void setViewTextById(int,int,java.lang.Object[])
com.brucelet.spacetrader.BaseDialog: void setViewTextById(int,java.lang.CharSequence)
com.brucelet.spacetrader.BaseDialog: void setViewTextById(int,com.brucelet.spacetrader.enumtypes.XmlString)
com.brucelet.spacetrader.BaseDialog: void setViewVisibilityById(int,boolean,boolean)
com.brucelet.spacetrader.BaseDialog: void setViewVisibilityById(int,boolean)
com.brucelet.spacetrader.BaseDialog$1
com.brucelet.spacetrader.BaseDialog$1: com.brucelet.spacetrader.BaseDialog this$0
com.brucelet.spacetrader.BaseDialog$1: BaseDialog$1(com.brucelet.spacetrader.BaseDialog)
com.brucelet.spacetrader.BaseDialog$1: void onClick(android.view.View)
com.brucelet.spacetrader.BaseDialog$2
com.brucelet.spacetrader.BaseDialog$2: com.brucelet.spacetrader.BaseDialog this$0
com.brucelet.spacetrader.BaseDialog$2: BaseDialog$2(com.brucelet.spacetrader.BaseDialog)
com.brucelet.spacetrader.BaseDialog$2: void onClick(android.view.View)
...
android.support.v4.view.AccessibilityDelegateCompat$AccessibilityDelegateIcsImpl$1
android.support.v4.view.AccessibilityDelegateCompat$AccessibilityDelegateIcsImpl$1: android.support.v4.view.AccessibilityDelegateCompat val$compat
android.support.v4.view.AccessibilityDelegateCompat$AccessibilityDelegateIcsImpl$1: android.support.v4.view.AccessibilityDelegateCompat$AccessibilityDelegateIcsImpl this$0
android.support.v4.view.AccessibilityDelegateCompat$AccessibilityDelegateIcsImpl$1: AccessibilityDelegateCompat$AccessibilityDelegateIcsImpl$1(android.support.v4.view.AccessibilityDelegateCompat$AccessibilityDelegateIcsImpl,android.support.v4.view.AccessibilityDelegateCompat)
android.support.v4.view.AccessibilityDelegateCompat$AccessibilityDelegateIcsImpl$1: boolean dispatchPopulateAccessibilityEvent(android.view.View,android.view.accessibility.AccessibilityEvent)
android.support.v4.view.AccessibilityDelegateCompat$AccessibilityDelegateIcsImpl$1: void onInitializeAccessibilityEvent(android.view.View,android.view.accessibility.AccessibilityEvent)
android.support.v4.view.AccessibilityDelegateCompat$AccessibilityDelegateIcsImpl$1: void onInitializeAccessibilityNodeInfo(android.view.View,java.lang.Object)
android.support.v4.view.AccessibilityDelegateCompat$AccessibilityDelegateIcsImpl$1: void onPopulateAccessibilityEvent(android.view.View,android.view.accessibility.AccessibilityEvent)
android.support.v4.view.AccessibilityDelegateCompat$AccessibilityDelegateImpl
android.support.v4.view.AccessibilityDelegateCompat$AccessibilityDelegateImpl: java.lang.Object newAccessiblityDelegateDefaultImpl()
android.support.v4.view.AccessibilityDelegateCompat$AccessibilityDelegateImpl: java.lang.Object newAccessiblityDelegateBridge(android.support.v4.view.AccessibilityDelegateCompat)
android.support.v4.view.AccessibilityDelegateCompat$AccessibilityDelegateImpl: boolean dispatchPopulateAccessibilityEvent(java.lang.Object,android.view.View,android.view.accessibility.AccessibilityEvent)
android.support.v4.view.AccessibilityDelegateCompat$AccessibilityDelegateImpl: void onInitializeAccessibilityEvent(java.lang.Object,android.view.View,android.view.accessibility.AccessibilityEvent)
android.support.v4.view.AccessibilityDelegateCompat$AccessibilityDelegateImpl: void onInitializeAccessibilityNodeInfo(java.lang.Object,android.view.View,android.support.v4.view.accessibility.AccessibilityNodeInfoCompat)
android.support.v4.view.AccessibilityDelegateCompat$AccessibilityDelegateImpl: void onPopulateAccessibilityEvent(java.lang.Object,android.view.View,android.view.accessibility.AccessibilityEvent)
android.support.v4.view.AccessibilityDelegateCompat$AccessibilityDelegateImpl: boolean onRequestSendAccessibilityEvent(java.lang.Object,android.view.ViewGroup,android.view.View,android.view.accessibility.AccessibilityEvent)
android.support.v4.view.AccessibilityDelegateCompat$AccessibilityDelegateJellyBeanImpl
android.support.v4.view.AccessibilityDelegateCompat$AccessibilityDelegateJellyBeanImpl: AccessibilityDelegateCompat$AccessibilityDelegateJellyBeanImpl()
android.support.v4.view.AccessibilityDelegateCompat$AccessibilityDelegateJellyBeanImpl: java.lang.Object newAccessiblityDelegateBridge(android.support.v4.view.AccessibilityDelegateCompat)
android.support.v4.view.AccessibilityDelegateCompat$AccessibilityDelegateJellyBeanImpl: android.support.v4.view.accessibility.AccessibilityNodeProviderCompat getAccessibilityNodeProvider(java.lang.Object,android.view.View)
android.support.v4.view.AccessibilityDelegateCompat$AccessibilityDelegateJellyBeanImpl: boolean performAccessibilityAction(java.lang.Object,android.view.View,int,android.os.Bundle)