proguard/mapping.txt
com.brucelet.spacetrader.AboutDialog -> com.brucelet.spacetrader.AboutDialog:
    36:37:com.brucelet.spacetrader.AboutDialog newInstance() -> newInstance
    44:58:void onBuildDialog(com.brucelet.spacetrader.BaseDialog$Builder,android.view.LayoutInflater,android.view.ViewGroup) -> onBuildDialog
    65:76:void onRefreshDialog() -> onRefreshDialog
    80:80:int getHelpTextResId() -> getHelpTextResId
com.brucelet.spacetrader.BackupAgent -> com.brucelet.spacetrader.BackupAgent:
    42:45:void onCreate() -> onCreate
    49:53:void onBackup(android.os.ParcelFileDescriptor,android.app.backup.BackupDataOutput,android.os.ParcelFileDescriptor) -> onBackup
    57:60:void onRestore(android.app.backup.BackupDataInput,int,android.os.ParcelFileDescriptor) -> onRestore
com.brucelet.spacetrader.BankScreen -> com.brucelet.spacetrader.BankScreen:
    int[] BUTTON_IDS -> BUTTON_IDS
    46:46:android.view.View onCreateView(android.view.LayoutInflater,android.view.ViewGroup,android.os.Bundle) -> onCreateView
    51:56:void onActivityCreated(android.os.Bundle) -> onActivityCreated
    60:61:void onRefreshScreen() -> onRefreshScreen
    65:66:void onSingleClick(android.view.View) -> onSingleClick
    70:70:int getHelpTextResId() -> getHelpTextResId
com.brucelet.spacetrader.BaseDialog -> com.brucelet.spacetrader.BaseDialog:
    49:53:void onCreate(android.os.Bundle) -> onCreate
    59:180:android.view.View onCreateView(android.view.LayoutInflater,android.view.ViewGroup,android.os.Bundle) -> onCreateView
    185:189:void onAttach(android.app.Activity) -> onAttach
    193:196:void onDismiss(android.content.DialogInterface) -> onDismiss
    200:202:void onCancel(android.content.DialogInterface) -> onCancel
    206:209:void onResume() -> onResume
    213:232:android.app.Dialog onCreateDialog(android.os.Bundle) -> onCreateDialog
    327:327:com.brucelet.spacetrader.MainActivity getGameManager() -> getGameManager
    332:332:com.brucelet.spacetrader.datatypes.GameState getGameState() -> getGameState
    338:339:void setViewTextById(int,int) -> setViewTextById
    346:353:void setViewTextById(int,int,java.lang.Object[]) -> setViewTextById
    358:359:void setViewTextById(int,java.lang.CharSequence) -> setViewTextById
    364:365:void setViewTextById(int,com.brucelet.spacetrader.enumtypes.XmlString) -> setViewTextById
    370:371:void setViewVisibilityById(int,boolean,boolean) -> setViewVisibilityById
    376:377:void setViewVisibilityById(int,boolean) -> setViewVisibilityById
    382:388:void onClick(android.view.View) -> onClick
    391:392:void onClickHelpButton() -> onClickHelpButton
    395:395:void onShowDialog() -> onShowDialog
    396:396:void onRefreshDialog() -> onRefreshDialog
com.brucelet.spacetrader.BaseDialog$1 -> com.brucelet.spacetrader.BaseDialog$1:
    com.brucelet.spacetrader.BaseDialog this$0 -> this$0
    118:123:void onClick(android.view.View) -> onClick
com.brucelet.spacetrader.BaseDialog$2 -> com.brucelet.spacetrader.BaseDialog$2:
    com.brucelet.spacetrader.BaseDialog this$0 -> this$0
    133:138:void onClick(android.view.View) -> onClick
com.brucelet.spacetrader.BaseDialog$3 -> com.brucelet.spacetrader.BaseDialog$3:
    com.brucelet.spacetrader.BaseDialog this$0 -> this$0
    148:153:void onClick(android.view.View) -> onClick
com.brucelet.spacetrader.BaseDialog$4 -> com.brucelet.spacetrader.BaseDialog$4:
    com.brucelet.spacetrader.BaseDialog this$0 -> this$0
    169:174:void onClick(android.view.View) -> onClick
com.brucelet.spacetrader.BaseDialog$5 -> com.brucelet.spacetrader.BaseDialog$5:
    com.brucelet.spacetrader.BaseDialog this$0 -> this$0
    218:221:void onShow(android.content.DialogInterface) -> onShow
...
android.support.v4.graphics.drawable.DrawableCompat$HoneycombDrawableImpl -> android.support.v4.graphics.drawable.DrawableCompat$HoneycombDrawableImpl:
    87:88:void jumpToCurrentState(android.graphics.drawable.Drawable) -> jumpToCurrentState
android.support.v4.graphics.drawable.DrawableCompat$KitKatDrawableImpl -> android.support.v4.graphics.drawable.DrawableCompat$KitKatDrawableImpl:
    97:98:void setAutoMirrored(android.graphics.drawable.Drawable,boolean) -> setAutoMirrored
    102:102:boolean isAutoMirrored(android.graphics.drawable.Drawable) -> isAutoMirrored
android.support.v4.graphics.drawable.DrawableCompat$LDrawableImpl -> android.support.v4.graphics.drawable.DrawableCompat$LDrawableImpl:
    112:113:void setHotspot(android.graphics.drawable.Drawable,float,float) -> setHotspot
    117:118:void setHotspotBounds(android.graphics.drawable.Drawable,int,int,int,int) -> setHotspotBounds
    122:123:void setTint(android.graphics.drawable.Drawable,int) -> setTint
    127:128:void setTintList(android.graphics.drawable.Drawable,android.content.res.ColorStateList) -> setTintList
    132:133:void setTintMode(android.graphics.drawable.Drawable,android.graphics.PorterDuff$Mode) -> setTintMode
android.support.v4.graphics.drawable.DrawableCompatHoneycomb -> android.support.v4.graphics.drawable.DrawableCompatHoneycomb:
    26:27:void jumpToCurrentState(android.graphics.drawable.Drawable) -> jumpToCurrentState
android.support.v4.graphics.drawable.DrawableCompatKitKat -> android.support.v4.graphics.drawable.DrawableCompatKitKat:
    26:27:void setAutoMirrored(android.graphics.drawable.Drawable,boolean) -> setAutoMirrored
    30:30:boolean isAutoMirrored(android.graphics.drawable.Drawable) -> isAutoMirrored
android.support.v4.graphics.drawable.DrawableCompatL -> android.support.v4.graphics.drawable.DrawableCompatL:
    29:30:void setHotspot(android.graphics.drawable.Drawable,float,float) -> setHotspot
    34:35:void setHotspotBounds(android.graphics.drawable.Drawable,int,int,int,int) -> setHotspotBounds
    38:39:void setTint(android.graphics.drawable.Drawable,int) -> setTint
    42:43:void setTintList(android.graphics.drawable.Drawable,android.content.res.ColorStateList) -> setTintList
    46:47:void setTintMode(android.graphics.drawable.Drawable,android.graphics.PorterDuff$Mode) -> setTintMode
android.support.v4.internal.view.SupportMenu -> android.support.v4.internal.view.SupportMenu:
android.support.v4.internal.view.SupportMenuItem -> android.support.v4.internal.view.SupportMenuItem:
    void setShowAsAction(int) -> setShowAsAction
    android.view.MenuItem setActionView(android.view.View) -> setActionView
    android.view.MenuItem setActionView(int) -> setActionView
    android.view.View getActionView() -> getActionView
    android.support.v4.internal.view.SupportMenuItem setSupportActionProvider(android.support.v4.view.ActionProvider) -> setSupportActionProvider
    boolean expandActionView() -> expandActionView
    boolean isActionViewExpanded() -> isActionViewExpanded
android.support.v4.internal.view.SupportSubMenu -> android.support.v4.internal.view.SupportSubMenu:
android.support.v4.media.MediaMetadataCompat -> android.support.v4.media.MediaMetadataCompat:
    android.support.v4.util.ArrayMap METADATA_KEYS_TYPE -> METADATA_KEYS_TYPE
    android.os.Bundle mBundle -> mBundle
    android.os.Parcelable$Creator CREATOR -> CREATOR
    321:321:int describeContents() -> describeContents
    326:327:void writeToParcel(android.os.Parcel,int) -> writeToParcel
android.support.v4.media.MediaMetadataCompat$1 -> android.support.v4.media.MediaMetadataCompat$1:
    435:435:android.support.v4.media.MediaMetadataCompat createFromParcel(android.os.Parcel) -> createFromParcel
    440:440:android.support.v4.media.MediaMetadataCompat[] newArray(int) -> newArray
    432:432:java.lang.Object[] newArray(int) -> newArray
    432:432:java.lang.Object createFromParcel(android.os.Parcel) -> createFromParcel