proguard/usage.txt
com.brucelet.spacetrader.BackupAgent:
    private static final java.lang.String sTag
com.brucelet.spacetrader.BankScreen:
    38:38:public static com.brucelet.spacetrader.BankScreen newInstance()
    75:75:public com.brucelet.spacetrader.enumtypes.ScreenType getType()
com.brucelet.spacetrader.BaseDialog:
    236:237:public void setTitle(java.lang.CharSequence)
com.brucelet.spacetrader.BaseDialog$Builder:
    564:565:public com.brucelet.spacetrader.BaseDialog$Builder setPositiveButton(java.lang.CharSequence)
    574:575:public com.brucelet.spacetrader.BaseDialog$Builder setNeutralButton(java.lang.CharSequence)
    584:585:public com.brucelet.spacetrader.BaseDialog$Builder setNegativeButton(java.lang.CharSequence)
com.brucelet.spacetrader.BaseScreen:
    130:130:public void setAdapter(com.brucelet.spacetrader.ScreenPagerAdapter)
    public abstract com.brucelet.spacetrader.enumtypes.ScreenType getType()
com.brucelet.spacetrader.BuildConfig
com.brucelet.spacetrader.BuyEqScreen:
    71:71:public static com.brucelet.spacetrader.BuyEqScreen newInstance()
    109:109:public com.brucelet.spacetrader.enumtypes.ScreenType getType()
com.brucelet.spacetrader.BuyScreen:
    84:84:public static com.brucelet.spacetrader.BuyScreen newInstance()
    123:123:public com.brucelet.spacetrader.enumtypes.ScreenType getType()
com.brucelet.spacetrader.BuyShipScreen:
    84:84:public static com.brucelet.spacetrader.BuyShipScreen newInstance()
    119:119:public com.brucelet.spacetrader.enumtypes.ScreenType getType()
com.brucelet.spacetrader.ChartScreen:
    53:53:public static com.brucelet.spacetrader.ChartScreen newInstance()
    144:144:public com.brucelet.spacetrader.enumtypes.ScreenType getType()
com.brucelet.spacetrader.ConvenienceMethods
com.brucelet.spacetrader.EncounterScreen:
    86:86:public static com.brucelet.spacetrader.EncounterScreen newInstance()
    153:153:public com.brucelet.spacetrader.enumtypes.ScreenType getType()
com.brucelet.spacetrader.EndOfGameScreen:
    33:33:public static com.brucelet.spacetrader.EndOfGameScreen newInstance()
    64:64:public com.brucelet.spacetrader.enumtypes.ScreenType getType()
com.brucelet.spacetrader.InfoScreen:
    38:39:public static com.brucelet.spacetrader.InfoScreen newInstance()
    83:83:public com.brucelet.spacetrader.enumtypes.ScreenType getType()
com.brucelet.spacetrader.MainActivity:
    public static final java.lang.String GAME_1
    public static final java.lang.String GAME_2
    static final java.lang.String SAVEFILE
com.brucelet.spacetrader.PersonnelScreen:
    38:38:public static com.brucelet.spacetrader.PersonnelScreen newInstance()
    76:76:public com.brucelet.spacetrader.enumtypes.ScreenType getType()
com.brucelet.spacetrader.R:
    10:10:public R()
com.brucelet.spacetrader.R$anim
com.brucelet.spacetrader.R$array
com.brucelet.spacetrader.R$attr
com.brucelet.spacetrader.R$bool
com.brucelet.spacetrader.R$color
com.brucelet.spacetrader.R$dimen
com.brucelet.spacetrader.R$drawable
com.brucelet.spacetrader.R$id
com.brucelet.spacetrader.R$integer
com.brucelet.spacetrader.R$layout
com.brucelet.spacetrader.R$menu
com.brucelet.spacetrader.R$plurals
com.brucelet.spacetrader.R$string
com.brucelet.spacetrader.R$style
com.brucelet.spacetrader.R$styleable:
    5397:5397:public R$styleable()
com.brucelet.spacetrader.ScreenPagerAdapter
com.brucelet.spacetrader.SellEqScreen:
    133:133:public static com.brucelet.spacetrader.SellEqScreen newInstance()
    180:180:public com.brucelet.spacetrader.enumtypes.ScreenType getType()
com.brucelet.spacetrader.SellScreen:
    98:98:public static com.brucelet.spacetrader.SellScreen newInstance()
    137:137:public com.brucelet.spacetrader.enumtypes.ScreenType getType()
...
android.support.v4.media.TransportStateListener
android.support.v4.media.VolumeProviderCompat
android.support.v4.media.VolumeProviderCompat$1
android.support.v4.media.VolumeProviderCompat$Callback
android.support.v4.media.VolumeProviderCompatApi21
android.support.v4.media.VolumeProviderCompatApi21$1
android.support.v4.media.VolumeProviderCompatApi21$Delegate
android.support.v4.media.routing.MediaRouterJellybean
android.support.v4.media.routing.MediaRouterJellybean$Callback
android.support.v4.media.routing.MediaRouterJellybean$CallbackProxy
android.support.v4.media.routing.MediaRouterJellybean$GetDefaultRouteWorkaround
android.support.v4.media.routing.MediaRouterJellybean$RouteCategory
android.support.v4.media.routing.MediaRouterJellybean$RouteGroup
android.support.v4.media.routing.MediaRouterJellybean$RouteInfo
android.support.v4.media.routing.MediaRouterJellybean$SelectRouteWorkaround
android.support.v4.media.routing.MediaRouterJellybean$UserRouteInfo
android.support.v4.media.routing.MediaRouterJellybean$VolumeCallback
android.support.v4.media.routing.MediaRouterJellybean$VolumeCallbackProxy
android.support.v4.media.routing.MediaRouterJellybeanMr1
android.support.v4.media.routing.MediaRouterJellybeanMr1$ActiveScanWorkaround
android.support.v4.media.routing.MediaRouterJellybeanMr1$Callback
android.support.v4.media.routing.MediaRouterJellybeanMr1$CallbackProxy
android.support.v4.media.routing.MediaRouterJellybeanMr1$IsConnectingWorkaround
android.support.v4.media.routing.MediaRouterJellybeanMr1$RouteInfo
android.support.v4.media.routing.MediaRouterJellybeanMr2
android.support.v4.media.routing.MediaRouterJellybeanMr2$RouteInfo
android.support.v4.media.routing.MediaRouterJellybeanMr2$UserRouteInfo
android.support.v4.media.session.MediaControllerCompat
android.support.v4.media.session.MediaControllerCompat$1
android.support.v4.media.session.MediaControllerCompat$Callback
android.support.v4.media.session.MediaControllerCompat$Callback$StubApi21
android.support.v4.media.session.MediaControllerCompat$MediaControllerImpl
android.support.v4.media.session.MediaControllerCompat$MediaControllerImplApi21
android.support.v4.media.session.MediaControllerCompat$MediaControllerImplBase
android.support.v4.media.session.MediaControllerCompat$PlaybackInfo
android.support.v4.media.session.MediaControllerCompat$TransportControls
android.support.v4.media.session.MediaControllerCompat$TransportControlsApi21
android.support.v4.media.session.MediaControllerCompatApi21
android.support.v4.media.session.MediaControllerCompatApi21$Callback
android.support.v4.media.session.MediaControllerCompatApi21$CallbackProxy
android.support.v4.media.session.MediaControllerCompatApi21$PlaybackInfo
android.support.v4.media.session.MediaControllerCompatApi21$TransportControls